2021-01-21 10:05:44,551-Scrape App-ERROR,Did not work -> please write arrival
2021-01-21 10:06:11,033-Scrape App-ERROR,Did not work -> please write arrival
2021-01-21 10:06:54,042-Scrape App-ERROR,Did not work -> please write arrival
2021-01-21 10:09:40,162-Scrape App-ERROR,Did not work -> please write arrival
2021-01-21 10:12:31,929-Scrape App-ERROR,Did not work -> please write arrival
2021-01-21 10:13:40,947-Scrape App-ERROR,Did not work -> please write arrival
2021-01-21 10:15:49,004-Scrape App-ERROR,Did not work -> please write arrival
2021-01-21 10:24:52,503-Scrape App-ERROR,Did not work -> please write arrival
2021-01-21 10:30:29,243-Scrape App-ERROR,Did not work -> please write arrival
2021-01-21 10:49:51,448-Scrape App-ERROR,Did not work -> please write arrival
2021-01-21 10:50:38,586-Scrape App-ERROR,Did not work -> please write arrival
2021-01-21 10:52:26,552-Scrape App-ERROR,Did not work -> please write arrival
2021-01-21 10:53:16,736-Scrape App-ERROR,Did not work -> please write arrival
2021-01-21 10:53:57,267-Scrape App-ERROR,Did not work -> please write arrival
2021-01-21 10:54:50,213-Scrape App-ERROR,Did not work -> please write arrival
2021-01-21 10:55:11,503-Scrape App-ERROR,Did not work -> please write arrival
2021-01-21 10:57:38,765-Scrape App-ERROR,Did not work -> please write arrival
2021-01-21 10:58:33,488-Scrape App-ERROR,Did not work -> please write arrival
2021-01-21 10:58:46,929-Scrape App-ERROR,Did not work -> please write arrival
2021-01-21 11:03:28,886-Scrape App-ERROR,Did not work -> please write arrival
2021-01-21 11:04:33,412-Scrape App-ERROR,Did not work -> please write arrival
2021-01-21 11:12:01,952-Scrape App-ERROR,Did not work -> please write arrival
2021-01-21 11:18:04,440-Scrape App-ERROR,Did not work -> please write date
2021-01-21 11:19:08,506-Scrape App-ERROR,Did not work -> please write arrival
2021-01-21 11:27:59,027-Scrape App-ERROR,Did not work -> please write arrival
2021-01-21 11:30:39,356-Scrape App-ERROR,Did not work -> please write arrival
2021-01-21 11:33:51,068-Scrape App-ERROR,Did not work -> please write arrival
2021-01-21 11:34:05,430-Scrape App-ERROR,Did not work -> please write arrival
2021-01-21 11:45:31,098-Scrape App-ERROR,Did not work -> please write arrival
2021-01-21 11:48:48,854-Scrape App-ERROR,Did not work -> please write arrival
2021-01-21 11:54:28,568-Scrape App-ERROR,Did not work -> please write arrival
2021-01-21 11:56:29,004-Scrape App-ERROR,Did not work -> please write date
2021-01-21 12:01:35,675-Scrape App-ERROR,Did not work -> please write arrival
2021-01-21 12:01:51,509-Scrape App-ERROR,Did not work -> please write arrival
2021-01-21 12:02:05,646-Scrape App-ERROR,Did not work -> please write arrival
2021-01-21 12:05:22,614-Scrape App-ERROR,Did not work -> please write arrival
2021-01-21 12:05:48,784-Scrape App-ERROR,Did not work -> please write arrival
2021-01-21 12:06:30,340-Scrape App-ERROR,Did not work -> please write arrival
2021-01-21 12:06:57,729-Scrape App-ERROR,Did not work -> please write arrival
2021-01-21 12:12:31,681-Scrape App-ERROR,Did not work -> please write arrival
2021-01-21 12:12:46,485-Scrape App-ERROR,Did not work -> please write arrival
2021-01-21 12:46:14,639-Scrape App-INFO,No Possible questions
2021-01-21 12:56:14,523-Scrape App-ERROR,Did not work -> please write arrival
2021-01-21 12:56:29,651-Scrape App-ERROR,Did not work -> please write arrival
2021-01-21 13:01:45,704-Scrape App-ERROR,Did not work -> please write arrival
2021-01-21 13:06:15,486-Scrape App-ERROR,Did not work -> please write arrival
2021-01-21 13:06:35,949-Scrape App-ERROR,Did not work -> please write arrival
2021-01-21 13:06:50,389-Scrape App-ERROR,Did not work -> please write arrival
2021-01-21 14:45:50,370-Scrape App-ERROR,can not click the suggestion1
2021-01-21 14:45:57,343-Scrape App-ERROR,can not click the suggestion2
2021-01-21 14:52:54,646-Scrape App-INFO,No Sugessions
2021-01-21 14:57:01,701-Scrape App-INFO,No Sugessions
2021-01-21 14:58:52,216-Scrape App-INFO,No Sugessions
2021-01-21 16:13:47,567-Scrape App-INFO,Cannot pick the date
2021-01-21 16:37:00,570-Scrape App-INFO,Cannot pick the date
2021-01-21 17:00:15,761-Scrape App-INFO,No Possible questions
2021-01-22 11:16:49,162-Scrape App-ERROR,Can not find the Travel Info
2021-01-22 13:13:30,253-Scrape App-ERROR,Can not find the Travel Info
2021-01-22 13:39:24,807-Scrape App-ERROR,Can not find the Travel Info
