2020-12-19 09:57:25,066-Scrape App-INFO,No Possible Questions
2020-12-19 09:58:34,444-Scrape App-INFO,No Possible Questions
2020-12-19 10:10:40,376-Scrape App-INFO,No Possible Questions
2020-12-19 10:13:04,230-Scrape App-INFO,No Possible Questions
2020-12-19 17:40:59,093-Scrape App-INFO,No Possible Questions
2020-12-19 17:50:18,413-Scrape App-INFO,No Possible Questions
2020-12-19 18:05:23,921-Scrape App-INFO,No Possible questions
2020-12-19 18:05:30,920-Scrape App-INFO,No Possible Questions
2020-12-19 18:13:16,998-Scrape App-INFO,No Possible Questions
2020-12-19 18:20:27,291-Scrape App-INFO,No Possible questions
2020-12-19 18:20:34,280-Scrape App-INFO,No Possible Questions
2020-12-19 18:21:13,705-Scrape App-INFO,No Possible questions
2020-12-19 18:21:20,708-Scrape App-INFO,No Possible Questions
2020-12-19 18:38:52,414-Scrape App-INFO,No Possible Questions
2020-12-19 18:57:08,099-Scrape App-INFO,No Possible questions
2020-12-19 18:57:15,126-Scrape App-INFO,No Possible Questions
2020-12-19 19:08:43,147-Scrape App-INFO,No Possible Questions
2020-12-19 19:15:48,206-Scrape App-INFO,No Possible Questions
2020-12-19 19:23:09,850-Scrape App-INFO,No Possible Questions
2020-12-28 17:31:07,176-Scrape App-INFO,No Sugessions
2020-12-28 17:34:22,331-Scrape App-INFO,No Sugessions
2020-12-29 09:25:40,103-Scrape App-INFO,No Sugessions
2020-12-29 10:24:00,081-Scrape App-INFO,No Sugessions
2020-12-29 10:32:02,480-Scrape App-INFO,No Sugessions
2020-12-29 10:37:17,427-Scrape App-INFO,No Sugessions
2020-12-29 10:39:18,217-Scrape App-INFO,No Sugessions
2020-12-29 10:43:42,541-Scrape App-INFO,No Sugessions
2020-12-29 10:54:42,020-Scrape App-INFO,No Sugessions
2020-12-29 10:57:35,337-Scrape App-INFO,No Sugessions
2020-12-29 11:22:40,464-Scrape App-INFO,No Sugessions
2020-12-29 11:37:20,465-Scrape App-INFO,No Sugessions
2020-12-29 11:42:52,693-Scrape App-INFO,No Sugessions
2020-12-29 11:44:44,713-Scrape App-INFO,No Sugessions
2020-12-29 11:48:08,286-Scrape App-INFO,No Sugessions
2020-12-29 11:49:09,203-Scrape App-INFO,No Sugessions
2020-12-29 11:51:27,941-Scrape App-INFO,No Sugessions
2020-12-29 11:56:21,780-Scrape App-INFO,No Sugessions
2020-12-29 11:58:33,381-Scrape App-INFO,No Sugessions
2020-12-29 12:00:10,745-Scrape App-INFO,No Sugessions
2020-12-29 12:01:36,783-Scrape App-INFO,No Sugessions
2020-12-29 12:03:39,552-Scrape App-INFO,No Sugessions
2020-12-29 12:04:40,454-Scrape App-INFO,No Sugessions
2020-12-29 12:05:55,659-Scrape App-INFO,No Sugessions
2020-12-29 12:07:28,724-Scrape App-INFO,No Sugessions
2020-12-29 12:08:51,184-Scrape App-INFO,No Sugessions
2020-12-29 12:11:31,834-Scrape App-INFO,No Sugessions
2020-12-29 12:13:03,641-Scrape App-INFO,No Sugessions
2020-12-29 12:17:02,733-Scrape App-INFO,No Sugessions
2020-12-29 12:18:40,090-Scrape App-INFO,No Sugessions
2020-12-29 12:27:00,172-Scrape App-INFO,No Sugessions
2020-12-30 12:48:37,850-Scrape App-ERROR,Did not work -> please write arrival
2020-12-30 12:54:42,082-Scrape App-INFO,No Possible suggestion
2020-12-30 12:56:18,761-Scrape App-INFO,No Possible suggestion
2020-12-30 12:59:41,760-Scrape App-INFO,No Possible suggestion
2020-12-30 13:14:51,503-Scrape App-INFO,No Possible suggestion
2020-12-30 13:17:56,246-Scrape App-INFO,No Possible suggestion
2020-12-30 13:24:49,434-Scrape App-INFO,No Possible suggestion
2020-12-30 13:29:10,212-Scrape App-INFO,No Possible suggestion
2020-12-30 15:58:48,501-Scrape App-ERROR,Did not work -> please write arrival
2020-12-30 16:00:07,846-Scrape App-ERROR,Did not work -> please write arrival
2020-12-30 16:02:03,890-Scrape App-ERROR,Did not work -> please write arrival
2021-01-05 15:06:54,789-Scrape App-ERROR,Did not work -> Arrival
2021-01-05 15:07:52,871-Scrape App-ERROR,Did not work -> Arrival
2021-01-05 15:47:41,458-Scrape App-ERROR,Did not work -> Arrival
2021-01-05 15:49:08,826-Scrape App-ERROR,Did not work -> Arrival
2021-01-05 15:50:24,569-Scrape App-ERROR,Did not work -> Arrival
2021-01-05 15:56:57,313-Scrape App-ERROR,Did not work -> Arrival
2021-01-05 15:59:12,335-Scrape App-ERROR,Did not work -> Arrival
2021-01-05 16:00:57,340-Scrape App-ERROR,Did not work -> Arrival
2021-01-05 16:01:34,667-Scrape App-ERROR,Did not work -> Arrival
2021-01-05 16:09:05,974-Scrape App-ERROR,Did not work -> Arrival
2021-01-05 16:10:48,226-Scrape App-ERROR,Did not work -> Arrival
2021-01-05 16:14:21,397-Scrape App-ERROR,Did not work -> Arrival
2021-01-05 16:18:00,680-Scrape App-ERROR,Did not work -> Arrival
2021-01-05 16:23:41,245-Scrape App-ERROR,Did not work -> Arrival
2021-01-05 16:37:05,304-Scrape App-ERROR,Did not work -> Arrival
2021-01-05 16:39:41,378-Scrape App-ERROR,Did not work -> Arrival
2021-01-05 16:42:54,392-Scrape App-ERROR,Did not work -> Arrival
2021-01-05 16:52:16,939-Scrape App-ERROR,Did not work -> Arrival
2021-01-05 16:55:50,522-Scrape App-ERROR,Did not work -> Arrival
2021-01-05 16:59:28,413-Scrape App-ERROR,Did not work -> Arrival
2021-01-05 17:01:52,370-Scrape App-ERROR,Did not work -> Arrival
2021-01-05 17:07:11,440-Scrape App-ERROR,Did not work -> Arrival
2021-01-05 17:08:58,728-Scrape App-ERROR,Did not work -> Arrival
2021-01-05 17:11:55,675-Scrape App-ERROR,Did not work -> Arrival
2021-01-05 17:12:37,755-Scrape App-ERROR,Did not work -> Arrival
2021-01-05 17:17:43,576-Scrape App-ERROR,Did not work -> Arrival
2021-01-05 17:21:01,944-Scrape App-ERROR,Did not work -> Arrival
2021-01-05 17:23:01,154-Scrape App-ERROR,Did not work -> Arrival
